0 info it worked if it ends with ok
1 verbose cli [ 'node', '/usr/local/bin/npm', 'install', '-g', 'n' ]
2 info using npm@1.4.28
3 info using node@v0.10.36
4 verbose cache add [ 'n', null ]
5 verbose cache add name=undefined spec="n" args=["n",null]
6 verbose parsed url { protocol: null,
6 verbose parsed url   slashes: null,
6 verbose parsed url   auth: null,
6 verbose parsed url   host: null,
6 verbose parsed url   port: null,
6 verbose parsed url   hostname: null,
6 verbose parsed url   hash: null,
6 verbose parsed url   search: null,
6 verbose parsed url   query: null,
6 verbose parsed url   pathname: 'n',
6 verbose parsed url   path: 'n',
6 verbose parsed url   href: 'n' }
7 silly lockFile d1854cae-n n
8 verbose lock n /Users/eduggan/.npm/d1854cae-n.lock
9 silly lockFile d1854cae-n n
10 silly lockFile d1854cae-n n
11 verbose addNamed [ 'n', '' ]
12 verbose addNamed [ null, '*' ]
13 silly lockFile 6b58d7dc-n n@
14 verbose lock n@ /Users/eduggan/.npm/6b58d7dc-n.lock
15 silly addNameRange { name: 'n', range: '*', hasData: false }
16 verbose request where is /n
17 verbose request registry https://registry.npmjs.org/
18 verbose request id 6d0c1e1ec3c32f5f
19 verbose url raw /n
20 verbose url resolving [ 'https://registry.npmjs.org/', './n' ]
21 verbose url resolved https://registry.npmjs.org/n
22 verbose request where is https://registry.npmjs.org/n
23 info trying registry request attempt 1 at 15:07:40
24 verbose etag "D95SDM7YO9HU3CWJEYN84DY1O"
25 http GET https://registry.npmjs.org/n
26 http 304 https://registry.npmjs.org/n
27 silly registry.get cb [ 304,
27 silly registry.get   { date: 'Fri, 06 Mar 2015 22:00:50 GMT',
27 silly registry.get     server: 'Apache',
27 silly registry.get     via: '1.1 varnish',
27 silly registry.get     'last-modified': 'Fri, 06 Mar 2015 22:00:50 GMT',
27 silly registry.get     'cache-control': 'max-age=60',
27 silly registry.get     etag: '"D95SDM7YO9HU3CWJEYN84DY1O"',
27 silly registry.get     age: '0',
27 silly registry.get     'x-served-by': 'cache-ord1725-ORD',
27 silly registry.get     'x-cache': 'MISS',
27 silly registry.get     'x-cache-hits': '0',
27 silly registry.get     'x-timer': 'S1425679250.881965,VS0,VE61',
27 silly registry.get     vary: 'Accept',
27 silly registry.get     'content-length': '0',
27 silly registry.get     'keep-alive': 'timeout=10, max=50',
27 silly registry.get     connection: 'Keep-Alive' } ]
28 verbose etag https://registry.npmjs.org/n from cache
29 silly addNameRange number 2 { name: 'n', range: '*', hasData: true }
30 silly addNameRange versions [ 'n',
30 silly addNameRange   [ '0.0.1',
30 silly addNameRange     '0.0.2',
30 silly addNameRange     '0.0.3',
30 silly addNameRange     '0.0.4',
30 silly addNameRange     '0.1.0',
30 silly addNameRange     '0.1.1',
30 silly addNameRange     '0.1.2',
30 silly addNameRange     '0.2.0',
30 silly addNameRange     '0.2.1',
30 silly addNameRange     '0.2.2',
30 silly addNameRange     '0.3.0',
30 silly addNameRange     '0.4.0',
30 silly addNameRange     '0.4.1',
30 silly addNameRange     '0.4.2',
30 silly addNameRange     '0.5.0',
30 silly addNameRange     '0.5.1',
30 silly addNameRange     '0.5.2',
30 silly addNameRange     '0.5.3',
30 silly addNameRange     '0.5.4',
30 silly addNameRange     '0.6.0',
30 silly addNameRange     '0.6.1',
30 silly addNameRange     '0.7.0',
30 silly addNameRange     '0.7.1',
30 silly addNameRange     '0.7.2',
30 silly addNameRange     '0.7.3',
30 silly addNameRange     '0.8.0',
30 silly addNameRange     '0.8.1',
30 silly addNameRange     '0.8.2',
30 silly addNameRange     '0.9.0',
30 silly addNameRange     '0.9.1',
30 silly addNameRange     '0.9.2',
30 silly addNameRange     '0.9.3',
30 silly addNameRange     '1.0.0',
30 silly addNameRange     '1.1.0',
30 silly addNameRange     '1.2.1',
30 silly addNameRange     '1.2.2',
30 silly addNameRange     '1.2.3',
30 silly addNameRange     '1.2.4',
30 silly addNameRange     '1.2.5',
30 silly addNameRange     '1.2.6',
30 silly addNameRange     '1.2.7',
30 silly addNameRange     '1.2.8',
30 silly addNameRange     '1.2.9',
30 silly addNameRange     '1.2.11',
30 silly addNameRange     '1.2.13',
30 silly addNameRange     '1.2.14' ] ]
31 verbose addNamed [ 'n', '1.2.14' ]
32 verbose addNamed [ '1.2.14', '1.2.14' ]
33 silly lockFile ba223d97-n-1-2-14 n@1.2.14
34 verbose lock n@1.2.14 /Users/eduggan/.npm/ba223d97-n-1-2-14.lock
35 silly lockFile ba223d97-n-1-2-14 n@1.2.14
36 silly lockFile ba223d97-n-1-2-14 n@1.2.14
37 silly lockFile 6b58d7dc-n n@
38 silly lockFile 6b58d7dc-n n@
39 silly resolved [ { name: 'n',
39 silly resolved     description: 'node version manager',
39 silly resolved     version: '1.2.14',
39 silly resolved     author: { name: 'TJ Holowaychuk', email: 'tj@vision-media.ca' },
39 silly resolved     homepage: 'https://github.com/tj/n',
39 silly resolved     bugs: { url: 'https://github.com/tj/n/issues' },
39 silly resolved     contributors: [ [Object] ],
39 silly resolved     keywords:
39 silly resolved      [ 'nvm',
39 silly resolved        'node',
39 silly resolved        'version',
39 silly resolved        'manager',
39 silly resolved        'switcher',
39 silly resolved        'node',
39 silly resolved        'binary',
39 silly resolved        'env' ],
39 silly resolved     bin: { n: './bin/n' },
39 silly resolved     repository: { type: 'git', url: 'git://github.com/tj/n.git' },
39 silly resolved     preferGlobal: true,
39 silly resolved     os: [ '!win32' ],
39 silly resolved     engines: { node: '*' },
39 silly resolved     license: 'MIT',
39 silly resolved     gitHead: '8c05c5ab2633bc55def0bcb79351598a60c6f66f',
39 silly resolved     _id: 'n@1.2.14',
39 silly resolved     scripts: {},
39 silly resolved     _shasum: '7077636af32fc7e7303e33a99945d6135dc78020',
39 silly resolved     _from: 'n@',
39 silly resolved     _npmVersion: '2.3.0',
39 silly resolved     _nodeVersion: '0.11.16',
39 silly resolved     _npmUser: { name: 'tjwebb', email: 'me@traviswebb.com' },
39 silly resolved     maintainers: [ [Object], [Object], [Object] ],
39 silly resolved     dist:
39 silly resolved      { shasum: '7077636af32fc7e7303e33a99945d6135dc78020',
39 silly resolved        tarball: 'http://registry.npmjs.org/n/-/n-1.2.14.tgz' },
39 silly resolved     directories: {},
39 silly resolved     _resolved: 'https://registry.npmjs.org/n/-/n-1.2.14.tgz',
39 silly resolved     readme: 'ERROR: No README data found!' } ]
40 info install n@1.2.14 into /usr/local/lib
41 info installOne n@1.2.14
42 verbose lib/node_modules/n unbuild
43 verbose tar unpack /Users/eduggan/.npm/n/1.2.14/package.tgz
44 silly lockFile 9a5950d7-tar-usr-local-lib-node-modules-n tar:///usr/local/lib/node_modules/n
45 verbose lock tar:///usr/local/lib/node_modules/n /Users/eduggan/.npm/9a5950d7-tar-usr-local-lib-node-modules-n.lock
46 silly lockFile fafcbe86-eduggan-npm-n-1-2-14-package-tgz tar:///Users/eduggan/.npm/n/1.2.14/package.tgz
47 verbose lock tar:///Users/eduggan/.npm/n/1.2.14/package.tgz /Users/eduggan/.npm/fafcbe86-eduggan-npm-n-1-2-14-package-tgz.lock
48 silly gunzTarPerm modes [ '755', '644' ]
49 error Error: EACCES, mkdir '/usr/local/lib/node_modules/n'
49 error  { [Error: EACCES, mkdir '/usr/local/lib/node_modules/n']
49 error   errno: 3,
49 error   code: 'EACCES',
49 error   path: '/usr/local/lib/node_modules/n',
49 error   fstream_type: 'Directory',
49 error   fstream_path: '/usr/local/lib/node_modules/n',
49 error   fstream_class: 'DirWriter',
49 error   fstream_stack:
49 error    [ '/usr/local/lib/node_modules/npm/node_modules/fstream/lib/dir-writer.js:36:23',
49 error      '/usr/local/lib/node_modules/npm/node_modules/mkdirp/index.js:46:53',
49 error      'Object.oncomplete (fs.js:108:15)' ] }
50 error Please try running this command again as root/Administrator.
51 error System Darwin 13.4.0
52 error command "node" "/usr/local/bin/npm" "install" "-g" "n"
53 error cwd /Users/eduggan/Documents/Thesis-AA/ux-rule
54 error node -v v0.10.36
55 error npm -v 1.4.28
56 error path /usr/local/lib/node_modules/n
57 error fstream_path /usr/local/lib/node_modules/n
58 error fstream_type Directory
59 error fstream_class DirWriter
60 error code EACCES
61 error errno 3
62 error stack Error: EACCES, mkdir '/usr/local/lib/node_modules/n'
63 error fstream_stack /usr/local/lib/node_modules/npm/node_modules/fstream/lib/dir-writer.js:36:23
63 error fstream_stack /usr/local/lib/node_modules/npm/node_modules/mkdirp/index.js:46:53
63 error fstream_stack Object.oncomplete (fs.js:108:15)
64 verbose exit [ 3, true ]
